Log file open, 11/13/16 19:55:50
LogInit:Display: Running engine for game: TetrisFighters
LogPlatformFile: Not using cached read wrapper
LogInit:Display: RandInit(-707205065) SRandInit(-707205065).
LogTaskGraph: Started task graph with 5 named threads and 6 total threads with 1 sets of task threads.
LogStats: Stats thread started at 0.666359
LogPluginManager: Loaded Plugin Paper2D, From C:/Users/Don/Documents/Unreal Projects/TetrisFighters/Saved/StagedBuilds/WindowsNoEditor/Engine/Plugins/2D/Paper2D/Paper2D.uplugin
LogPluginManager: Loaded Plugin LightPropagationVolume, From C:/Users/Don/Documents/Unreal Projects/TetrisFighters/Saved/StagedBuilds/WindowsNoEditor/Engine/Plugins/Blendables/LightPropagationVolume/LightPropagationVolume.uplugin
LogPluginManager: Loaded Plugin CharacterAI, From C:/Users/Don/Documents/Unreal Projects/TetrisFighters/Saved/StagedBuilds/WindowsNoEditor/Engine/Plugins/Experimental/CharacterAI/CharacterAI.uplugin
LogPluginManager: Loaded Plugin HTML5Networking, From C:/Users/Don/Documents/Unreal Projects/TetrisFighters/Saved/StagedBuilds/WindowsNoEditor/Engine/Plugins/Experimental/HTML5Networking/HTML5Networking.uplugin
LogPluginManager: Loaded Plugin AndroidMedia, From C:/Users/Don/Documents/Unreal Projects/TetrisFighters/Saved/StagedBuilds/WindowsNoEditor/Engine/Plugins/Media/AndroidMedia/AndroidMedia.uplugin
LogPluginManager: Loaded Plugin AvfMedia, From C:/Users/Don/Documents/Unreal Projects/TetrisFighters/Saved/StagedBuilds/WindowsNoEditor/Engine/Plugins/Media/AvfMedia/AvfMedia.uplugin
LogPluginManager: Loaded Plugin WmfMedia, From C:/Users/Don/Documents/Unreal Projects/TetrisFighters/Saved/StagedBuilds/WindowsNoEditor/Engine/Plugins/Media/WmfMedia/WmfMedia.uplugin
LogPluginManager: Loaded Plugin TcpMessaging, From C:/Users/Don/Documents/Unreal Projects/TetrisFighters/Saved/StagedBuilds/WindowsNoEditor/Engine/Plugins/Messaging/TcpMessaging/TcpMessaging.uplugin
LogPluginManager: Loaded Plugin UdpMessaging, From C:/Users/Don/Documents/Unreal Projects/TetrisFighters/Saved/StagedBuilds/WindowsNoEditor/Engine/Plugins/Messaging/UdpMessaging/UdpMessaging.uplugin
LogPluginManager: Loaded Plugin OnlineSubsystem, From C:/Users/Don/Documents/Unreal Projects/TetrisFighters/Saved/StagedBuilds/WindowsNoEditor/Engine/Plugins/Online/OnlineSubsystem/OnlineSubsystem.uplugin
LogPluginManager: Loaded Plugin OnlineSubsystemNull, From C:/Users/Don/Documents/Unreal Projects/TetrisFighters/Saved/StagedBuilds/WindowsNoEditor/Engine/Plugins/Online/OnlineSubsystemNull/OnlineSubsystemNull.uplugin
LogPluginManager: Loaded Plugin OnlineSubsystemUtils, From C:/Users/Don/Documents/Unreal Projects/TetrisFighters/Saved/StagedBuilds/WindowsNoEditor/Engine/Plugins/Online/OnlineSubsystemUtils/OnlineSubsystemUtils.uplugin
LogPluginManager: Loaded Plugin ArchVisCharacter, From C:/Users/Don/Documents/Unreal Projects/TetrisFighters/Saved/StagedBuilds/WindowsNoEditor/Engine/Plugins/Runtime/ArchVisCharacter/ArchVisCharacter.uplugin
LogPluginManager: Loaded Plugin CableComponent, From C:/Users/Don/Documents/Unreal Projects/TetrisFighters/Saved/StagedBuilds/WindowsNoEditor/Engine/Plugins/Runtime/CableComponent/CableComponent.uplugin
LogPluginManager: Loaded Plugin CustomMeshComponent, From C:/Users/Don/Documents/Unreal Projects/TetrisFighters/Saved/StagedBuilds/WindowsNoEditor/Engine/Plugins/Runtime/CustomMeshComponent/CustomMeshComponent.uplugin
LogPluginManager: Loaded Plugin ExampleDeviceProfileSelector, From C:/Users/Don/Documents/Unreal Projects/TetrisFighters/Saved/StagedBuilds/WindowsNoEditor/Engine/Plugins/Runtime/ExampleDeviceProfileSelector/ExampleDeviceProfileSelector.uplugin
LogPluginManager: Loaded Plugin GearVR, From C:/Users/Don/Documents/Unreal Projects/TetrisFighters/Saved/StagedBuilds/WindowsNoEditor/Engine/Plugins/Runtime/GearVR/GearVR.uplugin
LogPluginManager: Loaded Plugin OculusInput, From C:/Users/Don/Documents/Unreal Projects/TetrisFighters/Saved/StagedBuilds/WindowsNoEditor/Engine/Plugins/Runtime/OculusInput/OculusInput.uplugin
LogPluginManager: Loaded Plugin OculusLibrary, From C:/Users/Don/Documents/Unreal Projects/TetrisFighters/Saved/StagedBuilds/WindowsNoEditor/Engine/Plugins/Runtime/OculusLibrary/OculusLibrary.uplugin
LogPluginManager: Loaded Plugin OculusRift, From C:/Users/Don/Documents/Unreal Projects/TetrisFighters/Saved/StagedBuilds/WindowsNoEditor/Engine/Plugins/Runtime/OculusRift/OculusRift.uplugin
LogPluginManager: Loaded Plugin ProceduralMeshComponent, From C:/Users/Don/Documents/Unreal Projects/TetrisFighters/Saved/StagedBuilds/WindowsNoEditor/Engine/Plugins/Runtime/ProceduralMeshComponent/ProceduralMeshComponent.uplugin
LogPluginManager: Loaded Plugin SteamVR, From C:/Users/Don/Documents/Unreal Projects/TetrisFighters/Saved/StagedBuilds/WindowsNoEditor/Engine/Plugins/Runtime/Steam/SteamVR/SteamVR.uplugin
LogPluginManager: Loaded Plugin WindowsMoviePlayer, From C:/Users/Don/Documents/Unreal Projects/TetrisFighters/Saved/StagedBuilds/WindowsNoEditor/Engine/Plugins/Runtime/WindowsMoviePlayer/WindowsMoviePlayer.uplugin
LogPluginManager: Loaded Plugin SlateRemote, From C:/Users/Don/Documents/Unreal Projects/TetrisFighters/Saved/StagedBuilds/WindowsNoEditor/Engine/Plugins/Slate/SlateRemote/SlateRemote.uplugin
LogModuleManager:Warning: ModuleManager: Module 'XMPP' not found - its StaticallyLinkedModuleInitializers function is null.
LogInit: Using libcurl 7.47.1
LogInit:  - built for x86_64-pc-win32
LogInit:  - supports SSL with WinSSL
LogInit:  - other features:
LogInit:      CURL_VERSION_SSL
LogInit:      CURL_VERSION_IPV6
LogInit:      CURL_VERSION_ASYNCHDNS
LogInit:      CURL_VERSION_LARGEFILE
LogInit:      CURL_VERSION_IDN
LogInit:  CurlRequestOptions (configurable via config and command line):
LogInit:  - bVerifyPeer = false  - Libcurl will NOT verify peer certificate
LogInit:  - bUseHttpProxy = false  - Libcurl will NOT use HTTP proxy
LogInit:  - bDontReuseConnections = false  - Libcurl will reuse connections
LogInit:  - CertBundlePath = nullptr  - Libcurl will use whatever was configured at build time.
LogInit: Build: ++UE4+Release-4.13-CL-3172292
LogInit: Engine Version: 4.13.2-3172292+++UE4+Release-4.13
LogInit: Compatible Engine Version: 4.13.0-3106830+++UE4+Release-4.13
LogInit: Net CL: 3172292
LogDevObjectVersion: Number of dev versions registered: 13
LogDevObjectVersion:   Dev-Blueprints (B0D832E4-1F89-4F0D-ACCF-7EB736FD4AA2): 5
LogDevObjectVersion:   Dev-Build (E1C64328-A22C-4D53-A36C-8E866417BD8C): 0
LogDevObjectVersion:   Dev-Core (375EC13C-06E4-48FB-B500-84F0262A717E): 1
LogDevObjectVersion:   Dev-Editor (E4B068ED-F494-42E9-A231-DA0B2E46BB41): 6
LogDevObjectVersion:   Dev-Framework (CFFC743F-43B0-4480-9391-14DF171D2073): 12
LogDevObjectVersion:   Dev-Mobile (B02B49B5-BB20-44E9-A304-32B752E40360): 0
LogDevObjectVersion:   Dev-Networking (A4E4105C-59A1-49B5-A7C5-40C4547EDFEE): 0
LogDevObjectVersion:   Dev-Online (39C831C9-5AE6-47DC-9A44-9C173E1C8E7C): 0
LogDevObjectVersion:   Dev-Physics (78F01B33-EBEA-4F98-B9B4-84EACCB95AA2): 0
LogDevObjectVersion:   Dev-Platform (6631380F-2D4D-43E0-8009-CF276956A95A): 0
LogDevObjectVersion:   Dev-Rendering (12F88B9F-8875-4AFC-A67C-D90C383ABD29): 4
LogDevObjectVersion:   Dev-Sequencer (7B5AE74C-D270-4C10-A958-57980B212A5A): 0
LogDevObjectVersion:   Dev-VR (D7296918-1DD6-4BDD-9DE2-64A83CC13884): 0
LogInit: Compiled (64-bit): Oct 24 2016 14:26:00
LogInit: Compiled with Visual C++: 19.00.23026.00
LogInit: Build Configuration: Development
LogInit: Branch Name: ++UE4+Release-4.13
LogInit: Command line:  
LogInit: Base directory: C:/Users/Don/Documents/Unreal Projects/TetrisFighters/Saved/StagedBuilds/WindowsNoEditor/Engine/Binaries/Win64/
LogInit: Installed Engine Build: 0
LogInit: Presizing for max 2097152 objects, including 0 objects not considered by GC, pre-allocating 0 bytes for permanent pool.
LogInit: Object subsystem initialized
[2016.11.13-18.55.50:295][  0]LogInit: Selected Device Profile: [WindowsNoEditor]
[2016.11.13-18.55.50:295][  0]LogInit: Applying CVar settings loaded from the selected device profile: [WindowsNoEditor]
[2016.11.13-18.55.50:305][  0]LogInit: Computer: DONMANU
[2016.11.13-18.55.50:305][  0]LogInit: User: Don
[2016.11.13-18.55.50:305][  0]LogInit: CPU Page size=65536, Cores=2
[2016.11.13-18.55.50:305][  0]LogInit: High frequency timer resolution =2.435882 MHz
[2016.11.13-18.55.50:305][  0]LogMemory: Memory total: Physical=3.9GB (4GB approx)
[2016.11.13-18.55.50:306][  0]LogMemory: Platform Memory Stats for WindowsNoEditor
[2016.11.13-18.55.50:306][  0]LogMemory: Process Physical Memory: 85.20 MB used, 85.20 MB peak
[2016.11.13-18.55.50:306][  0]LogMemory: Process Virtual Memory: 100.09 MB used, 100.09 MB peak
[2016.11.13-18.55.50:306][  0]LogMemory: Physical Memory: 3408.19 MB used, 3977.03 MB total
[2016.11.13-18.55.50:306][  0]LogMemory: Virtual Memory: 323.14 MB used, 134217728.00 MB total
[2016.11.13-18.55.50:336][  0]LogTextLocalizationManager: No translations for ('de-DE') exist, falling back to 'en' for localization and internationalization data.
[2016.11.13-18.55.50:412][  0]LogD3D11RHI: D3D11 adapters:
[2016.11.13-18.55.50:460][  0]LogD3D11RHI:    0. 'NVIDIA GeForce GT 635M' (Feature Level 11_0)
[2016.11.13-18.55.50:460][  0]LogD3D11RHI:       978/0/1988 MB DedicatedVideo/DedicatedSystem/SharedSystem, Outputs:1, VendorId:0x10de
[2016.11.13-18.55.50:497][  0]LogD3D11RHI:    1. 'Intel(R) HD Graphics 4000' (Feature Level 11_0)
[2016.11.13-18.55.50:497][  0]LogD3D11RHI:       32/0/1760 MB DedicatedVideo/DedicatedSystem/SharedSystem, Outputs:0, VendorId:0x8086
[2016.11.13-18.55.50:513][  0]LogD3D11RHI:    2. 'Microsoft Basic Render Driver' (Feature Level 11_0)
[2016.11.13-18.55.50:513][  0]LogD3D11RHI:       0/0/1988 MB DedicatedVideo/DedicatedSystem/SharedSystem, Outputs:0, VendorId:0x1414
[2016.11.13-18.55.50:513][  0]LogD3D11RHI: Chosen D3D11 Adapter: 0
[2016.11.13-18.55.50:541][  0]LogD3D11RHI: Creating new Direct3DDevice
[2016.11.13-18.55.50:541][  0]LogD3D11RHI:     GPU DeviceId: 0xde3 (for the marketing name, search the web for "GPU Device Id")
[2016.11.13-18.55.50:541][  0]LogWindows: EnumDisplayDevices:
[2016.11.13-18.55.50:541][  0]LogWindows:    0. 'Intel(R) HD Graphics 4000' (P:1 D:1)
[2016.11.13-18.55.50:542][  0]LogWindows:    1. 'Intel(R) HD Graphics 4000' (P:0 D:0)
[2016.11.13-18.55.50:542][  0]LogWindows:    2. 'Intel(R) HD Graphics 4000' (P:0 D:0)
[2016.11.13-18.55.50:542][  0]LogWindows:    3. 'NVIDIA GeForce GT 635M' (P:0 D:0)
[2016.11.13-18.55.50:543][  0]LogWindows: DebugString: PrimaryIsNotTheChoosenAdapter PrimaryIsNotTheChoosenAdapter PrimaryIsNotTheChoosenAdapter 
[2016.11.13-18.55.50:543][  0]LogD3D11RHI:     Adapter Name: NVIDIA GeForce GT 635M
[2016.11.13-18.55.50:543][  0]LogD3D11RHI:   Driver Version: 369.09 (internal:21.21.13.6909, unified:369.09)
[2016.11.13-18.55.50:543][  0]LogD3D11RHI:      Driver Date: 8-1-2016
[2016.11.13-18.55.50:543][  0]LogRHI: Texture pool is 684 MB (70% of 978 MB)
[2016.11.13-18.55.50:562][  0]LogD3D11RHI: Async texture creation enabled
[2016.11.13-18.55.50:575][  0]LogD3D11RHI: GPU Timing Frequency: 1000.000000 (Debug: 2 1)
[2016.11.13-18.55.50:794][  0]LogAssetRegistry: FAssetRegistry took 0.0750 seconds to start up
[2016.11.13-18.55.50:797][  0]LogPackageLocalizationCache: Processed 3 localized package path(s) for 1 prioritized culture(s) in 0.002308 seconds
[2016.11.13-18.55.50:805][  0]LogContentStreaming: Texture pool size is 1000.00 MB
[2016.11.13-18.55.50:805][  0]LogInit: Selected Device Profile: [WindowsNoEditor]
[2016.11.13-18.55.50:867][  0]LogNetVersion: GetLocalNetworkVersion: CL: 3106830, ProjectName: tetrisfighters, ProjectVersion: , EngineNetworkVersion: 1, GameNetworkVersion: 0, NetworkChecksum: 2964961095
[2016.11.13-18.55.50:934][  0]LogInit: WinSock: version 1.1 (2.2), MaxSocks=32767, MaxUdp=65467
[2016.11.13-18.55.50:946][  0]LogSlate: SlateFontCache - WITH_FREETYPE: 1, WITH_HARFBUZZ: 1
[2016.11.13-18.55.50:946][  0]LogSlate: SlateFontCache - WITH_FREETYPE: 1, WITH_HARFBUZZ: 1
[2016.11.13-18.55.51:009][  0]LogMoviePlayer: Initializing movie player
[2016.11.13-18.55.51:104][  0]LogWindowsMoviePlayer: Unable to load movie: ../../../TetrisFighters/Content/Movies/Default_Startup.mp4
[2016.11.13-18.55.51:145][  0]LogUObjectArray: 28486 objects as part of root set at end of initial load.
[2016.11.13-18.55.51:145][  0]LogUObjectAllocator: 5669456 out of 0 bytes used by permanent object pool.
[2016.11.13-18.55.51:145][  0]LogUObjectArray: CloseDisregardForGC: 0/0 objects in disregard for GC pool
[2016.11.13-18.55.51:156][  0]LogEngine: Initializing Engine...
[2016.11.13-18.55.51:157][  0]LogHMD: Failed to initialize OpenVR with code 110
[2016.11.13-18.55.51:231][  0]LogInit: XAudio2 using 'Speakers (Realtek High Definition Audio)' : 2 channels at 48 kHz using 32 bits per sample (channel mask 0x3)
[2016.11.13-18.55.51:346][  0]LogInit: FAudioDevice initialized.
[2016.11.13-18.55.51:346][  0]LogInit: Texture streaming: Enabled
[2016.11.13-18.55.51:358][  0]LogInit:Display: Game Engine Initialized.
[2016.11.13-18.55.51:359][  0]LogInit:Display: Starting Game.
[2016.11.13-18.55.51:359][  0]LogNet: Browse: /Game/TetrisFighters/Maps/Level_00?Name=Player
[2016.11.13-18.55.51:359][  0]LogLoad: LoadMap: /Game/TetrisFighters/Maps/Level_00?Name=Player
[2016.11.13-18.55.51:389][  0]LogMemory: Platform Memory Stats for WindowsNoEditor
[2016.11.13-18.55.51:389][  0]LogMemory: Process Physical Memory: 199.11 MB used, 199.11 MB peak
[2016.11.13-18.55.51:389][  0]LogMemory: Process Virtual Memory: 272.53 MB used, 272.53 MB peak
[2016.11.13-18.55.51:389][  0]LogMemory: Physical Memory: 3525.38 MB used, 3977.03 MB total
[2016.11.13-18.55.51:389][  0]LogMemory: Virtual Memory: 620.87 MB used, 134217728.00 MB total
[2016.11.13-18.55.51:389][  0]LogMemory: 
[2016.11.13-18.55.51:390][  0]LogMemory: Allocator Stats for binned:
[2016.11.13-18.55.51:390][  0]LogMemory: Current Memory 93.51 MB used, plus 5.61 MB waste
[2016.11.13-18.55.51:390][  0]LogMemory: Peak Memory 96.85 MB used, plus 4.15 MB waste
[2016.11.13-18.55.51:390][  0]LogMemory: Current OS Memory 99.13 MB, peak 101.00 MB
[2016.11.13-18.55.51:390][  0]LogMemory: Current Waste 1.23 MB, peak 1.43 MB
[2016.11.13-18.55.51:390][  0]LogMemory: Current Used 93.52 MB, peak 96.85 MB
[2016.11.13-18.55.51:390][  0]LogMemory: Current Slack 4.38 MB
[2016.11.13-18.55.51:390][  0]LogMemory: Allocs       140420 Current /  568129 Total
[2016.11.13-18.55.51:390][  0]LogMemory: 
[2016.11.13-18.55.51:390][  0]LogMemory: Block Size Num Pools Max Pools Cur Allocs Total Allocs Min Req Max Req Mem Used Mem Slack Mem Waste Efficiency
[2016.11.13-18.55.51:390][  0]LogMemory: ---------- --------- --------- ---------- ------------ ------- ------- -------- --------- --------- ----------
[2016.11.13-18.55.51:390][  0]LogMemory:          8         0         0          0            0       8       0       0K        0K        0K    100.00%
[2016.11.13-18.55.51:390][  0]LogMemory:         16         6         6      21865        59321      16      16     341K       43K        0K    100.00%
[2016.11.13-18.55.51:390][  0]LogMemory:         32        11        11      21081        92032      17      32     658K       46K       62K     91.19%
[2016.11.13-18.55.51:390][  0]LogMemory:         48         8         8       9730        42200      33      48     456K       56K       58K     88.67%
[2016.11.13-18.55.51:390][  0]LogMemory:         64        21        21      20481        62207      49      64    1280K       64K       86K     93.60%
[2016.11.13-18.55.51:390][  0]LogMemory:         80        11        11       8209        73738      65      80     641K       63K       36K     94.89%
[2016.11.13-18.55.51:390][  0]LogMemory:         96         5         5       3171        33088      81      96     297K       23K       19K     94.06%
[2016.11.13-18.55.51:390][  0]LogMemory:        112         4         5       2045        23209      97     112     223K       33K       18K     92.97%
[2016.11.13-18.55.51:390][  0]LogMemory:        128        17        17       8329        27148     114     128    1041K       47K       25K     97.70%
[2016.11.13-18.55.51:390][  0]LogMemory:        160        43        43      17390        38142     129     160    2717K       31K      193K     92.99%
[2016.11.13-18.55.51:390][  0]LogMemory:        192        25        25       7991        19440     161     192    1498K      101K      106K     93.38%
[2016.11.13-18.55.51:390][  0]LogMemory:        224         5         5       1318        10655     193     224     288K       32K       20K     93.75%
[2016.11.13-18.55.51:390][  0]LogMemory:        256         4         4        887         4580     225     256     221K       35K       14K     94.53%
[2016.11.13-18.55.51:390][  0]LogMemory:        288        25        45       5435        32536     257     288    1528K       69K       43K     97.31%
[2016.11.13-18.55.51:390][  0]LogMemory:        320         3         3        527         2177     290     320     164K       28K        6K     96.88%
[2016.11.13-18.55.51:390][  0]LogMemory:        384        20        20       3300        23988     322     384    1237K       38K      129K     89.92%
[2016.11.13-18.55.51:390][  0]LogMemory:        448         5         5        565         2220     386     448     247K       73K       24K     92.50%
[2016.11.13-18.55.51:390][  0]LogMemory:        512         6         6        600         2381     450     512     300K       84K        4K     98.96%
[2016.11.13-18.55.51:390][  0]LogMemory:        576        28        28       3032         3688     514     576    1705K       75K       62K     96.54%
[2016.11.13-18.55.51:390][  0]LogMemory:        640         8         9        692         1104     578     640     432K       78K       24K     95.31%
[2016.11.13-18.55.51:390][  0]LogMemory:        704         7         7        458          870     642     704     314K      134K       13K     97.10%
[2016.11.13-18.55.51:390][  0]LogMemory:        768         3         4        243          462     706     768     182K       10K        4K     97.92%
[2016.11.13-18.55.51:390][  0]LogMemory:        896         9         9        472         1273     769     896     413K      162K       26K     95.49%
[2016.11.13-18.55.51:390][  0]LogMemory:       1024         4         5        213          590     899    1024     213K       43K        5K     98.05%
[2016.11.13-18.55.51:390][  0]LogMemory:       1168         6         6        287          691    1025    1168     327K       57K       24K     93.75%
[2016.11.13-18.55.51:390][  0]LogMemory:       1360         5         5        192         1115    1171    1360     255K       64K       25K     92.19%
[2016.11.13-18.55.51:390][  0]LogMemory:       1632        11        11        380          692    1363    1632     605K       97K       38K     94.60%
[2016.11.13-18.55.51:390][  0]LogMemory:       2048        12        12        266          761    1640    2048     532K      236K       47K     93.88%
[2016.11.13-18.55.51:390][  0]LogMemory:       2336         6         6        133         1865    2050    2336     303K       81K       33K     91.41%
[2016.11.13-18.55.51:390][  0]LogMemory:       2720         5         5         85          462    2352    2718     225K       94K       11K     96.56%
[2016.11.13-18.55.51:390][  0]LogMemory:       3264         9        11        152         1198    2722    3264     484K       90K       30K     94.79%
[2016.11.13-18.55.51:390][  0]LogMemory:       4096        19        23        195          658    3266    4096     780K      436K       70K     94.24%
[2016.11.13-18.55.51:390][  0]LogMemory:       4672        13        14        104          346    4106    4672     474K      357K       25K     97.00%
[2016.11.13-18.55.51:390][  0]LogMemory:       5456        15        19         94          336    4674    5453     500K      460K       43K     95.52%
[2016.11.13-18.55.51:390][  0]LogMemory:       6544        18        20        132          359    5461    6542     843K      308K       65K     94.36%
[2016.11.13-18.55.51:390][  0]LogMemory:       8192         9        10         54          903    6545    8192     432K      144K       32K     94.44%
[2016.11.13-18.55.51:390][  0]LogMemory:       9360         7         8         48          113    8216    9360     438K       10K       26K     94.20%
[2016.11.13-18.55.51:390][  0]LogMemory:      10912         5         5         27           56    9383   10592     287K       33K       28K     91.25%
[2016.11.13-18.55.51:390][  0]LogMemory:      13104         9         9         44           80   10955   13056     563K       13K       42K     92.71%
[2016.11.13-18.55.51:390][  0]LogMemory:      16384        10        12         37          155   13120   16384     592K       48K       44K     93.13%
[2016.11.13-18.55.51:390][  0]LogMemory:      21840        22        25         53          143   16396   21766    1130K      278K      173K     87.71%
[2016.11.13-18.55.51:390][  0]LogMemory:      32768        16        17         32           89   21904   32640    1024K        0K      206K     79.88%
[2016.11.13-18.55.51:390][  0]LogMemory:      49152         4         5         15          230       0   49152     720K       48K      219K     71.48%
[2016.11.13-18.55.51:390][  0]LogMemory:      98304         3         3          9           21       0   97272     864K      288K      205K     82.20%
[2016.11.13-18.55.51:390][  0]LogMemory: 
[2016.11.13-18.55.51:390][  0]LogMemory: 32320K allocated in pools (with 4510K slack and 2363K waste). Efficiency 92.69%
[2016.11.13-18.55.51:390][  0]LogMemory: Allocations 140374 Current / 567323 Total (in 482 pools)
[2016.11.13-18.55.51:390][  0]LogMemory: 
[2016.11.13-18.55.51:477][  0]LogAIModule: Creating AISystem for world Level_00
[2016.11.13-18.55.51:478][  0]LogWorld: Game class is 'BP_Game_C'
[2016.11.13-18.55.51:481][  0]LogWorld: Bringing World /Game/TetrisFighters/Maps/Level_00.Level_00 up for play (max tick rate 0) at 2016.11.13-19.55.51
[2016.11.13-18.55.51:482][  0]LogWorld: Bringing up level for play took: 0.001816
[2016.11.13-18.55.51:484][  0]LogGameMode:Display: Match State Changed from EnteringMap to WaitingToStart
[2016.11.13-18.55.51:484][  0]LogGameState: Match State Changed from EnteringMap to WaitingToStart
[2016.11.13-18.55.51:484][  0]LogGameMode:Display: Match State Changed from WaitingToStart to InProgress
[2016.11.13-18.55.51:493][  0]LogGameState: Match State Changed from WaitingToStart to InProgress
[2016.11.13-18.55.51:493][  0]LogLoad: Took 0.133722 seconds to LoadMap(/Game/TetrisFighters/Maps/Level_00)
[2016.11.13-18.55.51:694][  0]LogLoad: (Engine Initialization) Total time: 2.32 seconds
[2016.11.13-18.55.51:694][  0]LogExternalProfiler: Found external profiler: VSPerf
[2016.11.13-18.55.51:694][  0]LogExternalProfiler: Using external profiler: VSPerf
[2016.11.13-18.55.51:711][  0]LogOcInput: OculusInput pre-init called
[2016.11.13-18.55.51:815][  0]LogRenderer: Reallocating scene render targets to support 128x128 (Frame:1).
[2016.11.13-18.55.51:930][  1]LogRenderer: Reallocating scene render targets to support 1280x720 (Frame:2).
[2016.11.13-18.56.00:036][247]LogBlueprintUserMessages: [BP_Character_C_0] 0.9
[2016.11.13-18.56.02:445][321]LogBlueprintUserMessages: [BP_Character_C_0] 0.8
[2016.11.13-18.56.12:683][524]LogRenderer: Reallocating scene render targets to support 1368x716 (Frame:527).
[2016.11.13-18.56.12:840][525]LogRenderer: Reallocating scene render targets to support 1280x720 (Frame:528).
[2016.11.13-18.56.18:259][632]LogAudio:Warning: Detected orphaned looping sound 'Fire01'.
[2016.11.13-18.56.19:579][672]LogAudio:Warning: Detected orphaned looping sound 'Fire01'.
[2016.11.13-18.56.19:843][680]LogAudio:Warning: Detected orphaned looping sound 'Fire01'.
[2016.11.13-18.56.20:138][689]LogAudio:Warning: Detected orphaned looping sound 'Fire01'.
[2016.11.13-18.56.20:466][699]LogAudio:Warning: Detected orphaned looping sound 'Starter_Wind05'.
[2016.11.13-18.56.20:760][708]LogAudio:Warning: Detected orphaned looping sound 'Starter_Wind05'.
[2016.11.13-18.56.32:662][ 42]LogRenderer: Reallocating scene render targets to support 1284x724 (Frame:1046).
[2016.11.13-18.56.32:780][ 42]LogRenderer: Reallocating scene render targets to support 1344x756 (Frame:1047).
[2016.11.13-18.56.32:871][ 42]LogRenderer: Reallocating scene render targets to support 1364x768 (Frame:1048).
[2016.11.13-18.56.33:707][ 42]LogRenderer: Reallocating scene render targets to support 1320x744 (Frame:1050).
[2016.11.13-18.56.35:164][ 42]LogRenderer: Reallocating scene render targets to support 936x528 (Frame:1052).
[2016.11.13-18.56.35:338][ 43]LogRenderer: Reallocating scene render targets to support 1280x720 (Frame:1053).
[2016.11.13-18.56.41:564][203]LogSlate: Request Window 'TetrisFighters (64-bit, PCD3D_SM5)' being destroyed
[2016.11.13-18.56.41:592][203]LogSlate: Window 'TetrisFighters (64-bit, PCD3D_SM5)' being destroyed
[2016.11.13-18.56.41:593][203]LogWindowsTextInputMethodSystem:Display: IME system now deactivated.
[2016.11.13-18.56.41:601][203]LogSlate: HittestGrid destroyed
[2016.11.13-18.56.41:608][203]LogEngine: All Windows Closed
[2016.11.13-18.56.41:608][203]LogWindows: FPlatformMisc::RequestExit(0)
[2016.11.13-18.56.41:610][204]LogMoviePlayer: Shutting down movie player
[2016.11.13-18.56.42:398][204]LogExit: Preparing to exit.
[2016.11.13-18.56.42:450][204]LogExit: Game engine shut down
[2016.11.13-18.56.42:569][204]LogObj: Freed 376b from 1 cluster array pools.
[2016.11.13-18.56.42:569][204]LogExit: Object subsystem successfully closed.
[2016.11.13-18.56.42:847][204]LogD3D11RHI: Shutdown
[2016.11.13-18.56.42:847][204]LogD3D11RHI: CleanupD3DDevice
[2016.11.13-18.56.42:957][204]LogD3D11RHI: ~FD3D11DynamicRHI
[2016.11.13-18.56.42:957][204]LogModuleManager: Shutting down and abandoning module AutomationController (66)
[2016.11.13-18.56.42:957][204]LogModuleManager: Shutting down and abandoning module AutomationWorker (65)
[2016.11.13-18.56.42:957][204]LogModuleManager: Shutting down and abandoning module GameplayDebugger (64)
[2016.11.13-18.56.42:957][204]LogModuleManager: Shutting down and abandoning module AIModule (63)
[2016.11.13-18.56.42:958][204]LogModuleManager: Shutting down and abandoning module WmfMediaFactory (62)
[2016.11.13-18.56.42:958][204]LogModuleManager: Shutting down and abandoning module AvfMediaFactory (61)
[2016.11.13-18.56.42:958][204]LogModuleManager: Shutting down and abandoning module Media (60)
[2016.11.13-18.56.42:958][204]LogModuleManager: Shutting down and abandoning module AndroidMediaFactory (59)
[2016.11.13-18.56.42:958][204]LogModuleManager: Shutting down and abandoning module CharacterAI (58)
[2016.11.13-18.56.42:958][204]LogModuleManager: Shutting down and abandoning module SessionServices (57)
[2016.11.13-18.56.42:958][204]LogModuleManager: Shutting down and abandoning module Niagara (56)
[2016.11.13-18.56.42:958][204]LogModuleManager: Shutting down and abandoning module StreamingPauseRendering (55)
[2016.11.13-18.56.42:958][204]LogModuleManager: Shutting down and abandoning module AnalyticsET (54)
[2016.11.13-18.56.42:958][204]LogModuleManager: Shutting down and abandoning module ProfilerService (53)
[2016.11.13-18.56.42:969][204]LogModuleManager: Shutting down and abandoning module TaskGraph (52)
[2016.11.13-18.56.42:969][204]LogModuleManager: Shutting down and abandoning module SlateRemote (51)
[2016.11.13-18.56.42:969][204]LogModuleManager: Shutting down and abandoning module SteamVRController (50)
[2016.11.13-18.56.42:969][204]LogModuleManager: Shutting down and abandoning module SteamVR (49)
[2016.11.13-18.56.42:969][204]LogModuleManager: Shutting down and abandoning module ProceduralMeshComponent (48)
[2016.11.13-18.56.42:969][204]LogModuleManager: Shutting down and abandoning module OculusLibrary (47)
[2016.11.13-18.56.42:969][204]LogModuleManager: Shutting down and abandoning module OculusInput (46)
[2016.11.13-18.56.42:969][204]LogModuleManager: Shutting down and abandoning module CustomMeshComponent (45)
[2016.11.13-18.56.42:969][204]LogModuleManager: Shutting down and abandoning module CableComponent (44)
[2016.11.13-18.56.42:969][204]LogModuleManager: Shutting down and abandoning module ArchVisCharacter (43)
[2016.11.13-18.56.42:969][204]LogModuleManager: Shutting down and abandoning module HTML5Networking (41)
[2016.11.13-18.56.42:969][204]LogModuleManager: Shutting down and abandoning module UdpMessaging (40)
[2016.11.13-18.56.42:969][204]LogModuleManager: Shutting down and abandoning module TcpMessaging (39)
[2016.11.13-18.56.42:969][204]LogModuleManager: Shutting down and abandoning module LightPropagationVolumeRuntime (38)
[2016.11.13-18.56.42:969][204]LogModuleManager: Shutting down and abandoning module Paper2D (37)
[2016.11.13-18.56.42:969][204]LogModuleManager: Shutting down and abandoning module WindowsMoviePlayer (36)
[2016.11.13-18.56.42:969][204]LogModuleManager: Shutting down and abandoning module WmfMedia (35)
[2016.11.13-18.56.42:988][204]LogModuleManager: Shutting down and abandoning module ImageWrapper (34)
[2016.11.13-18.56.42:988][204]LogModuleManager: Shutting down and abandoning module MediaAssets (33)
[2016.11.13-18.56.42:988][204]LogModuleManager: Shutting down and abandoning module GameLiveStreaming (32)
[2016.11.13-18.56.42:988][204]LogModuleManager: Shutting down and abandoning module UMG (31)
[2016.11.13-18.56.42:988][204]LogModuleManager: Shutting down and abandoning module SlateReflector (30)
[2016.11.13-18.56.42:988][204]LogModuleManager: Shutting down and abandoning module Slate (29)
[2016.11.13-18.56.42:988][204]LogModuleManager: Shutting down and abandoning module Messaging (28)
[2016.11.13-18.56.42:988][204]LogModuleManager: Shutting down and abandoning module HeadMountedDisplay (27)
[2016.11.13-18.56.42:988][204]LogModuleManager: Shutting down and abandoning module XAudio2 (26)
[2016.11.13-18.56.42:988][204]LogModuleManager: Shutting down and abandoning module Networking (24)
[2016.11.13-18.56.42:988][204]LogModuleManager: Shutting down and abandoning module Core (23)
[2016.11.13-18.56.42:988][204]LogModuleManager: Shutting down and abandoning module AssetRegistry (22)
[2016.11.13-18.56.42:990][204]LogModuleManager: Shutting down and abandoning module InputCore (21)
[2016.11.13-18.56.42:990][204]LogModuleManager: Shutting down and abandoning module OculusRift (20)
[2016.11.13-18.56.42:990][204]LogModuleManager: Shutting down and abandoning module GearVR (19)
[2016.11.13-18.56.42:990][204]LogModuleManager: Shutting down and abandoning module ExampleDeviceProfileSelector (18)
[2016.11.13-18.56.42:990][204]LogModuleManager: Shutting down and abandoning module OnlineSubsystem (16)
[2016.11.13-18.56.42:990][204]LogOnline:Display: Unloading online subsystem: NULL
[2016.11.13-18.56.42:991][204]LogModuleManager: Shutting down and abandoning module HTTP (15)
[2016.11.13-18.56.42:991][204]LogHttp:Display: Http module shutting down, but needs to wait on 1 outstanding Http requests:
[2016.11.13-18.56.42:991][204]LogHttp:Display: 	verb=[POST] url=[https://datarouter.ol.epicgames.com/datarouter/api/v1/public/data?SessionID=%7B31D0A4B0-4694-C815-F3CE-C69FD61DD997%7D&AppID=UEGame.Rocket.Release%7C190BDDEB4B1699AFFFF9EC94E35769C1%7CSide%20Scroller%20BP%20Game%20Template&AppVersion=4.13.2-3172292%2B%2B%2BUE4%2BRelease-4.13&UserID=ANON-%7B01CAC732-4ED6-7DD0-D78B-8A837A193A85%7D&AppEnvironment=datacollector-binary&UploadType=eteventstream] status=Processing
[2016.11.13-18.56.43:014][204]LogModuleManager: Shutting down and abandoning module ShaderCore (13)
[2016.11.13-18.56.43:014][204]LogModuleManager: Shutting down and abandoning module Landscape (12)
[2016.11.13-18.56.43:014][204]LogModuleManager: Shutting down and abandoning module SlateRHIRenderer (11)
[2016.11.13-18.56.43:015][204]LogModuleManager: Shutting down and abandoning module OpenGLDrv (10)
[2016.11.13-18.56.43:015][204]LogModuleManager: Shutting down and abandoning module D3D11RHI (9)
[2016.11.13-18.56.43:015][204]LogModuleManager: Shutting down and abandoning module AnimGraphRuntime (8)
[2016.11.13-18.56.43:015][204]LogModuleManager: Shutting down and abandoning module Renderer (7)
[2016.11.13-18.56.43:015][204]LogModuleManager: Shutting down and abandoning module Engine (6)
[2016.11.13-18.56.43:015][204]LogModuleManager: Shutting down and abandoning module CoreUObject (5)
[2016.11.13-18.56.43:015][204]LogModuleManager: Shutting down and abandoning module NetworkFile (4)
[2016.11.13-18.56.43:015][204]LogModuleManager: Shutting down and abandoning module StreamingFile (3)
[2016.11.13-18.56.43:015][204]LogModuleManager: Shutting down and abandoning module SandboxFile (2)
[2016.11.13-18.56.43:015][204]LogModuleManager: Shutting down and abandoning module PakFile (1)
[2016.11.13-18.56.43:015][204]LogExit: Exiting.
[2016.11.13-18.56.43:018][204]Log file closed, 11/13/16 19:56:43
